<?xml version="1.0" encoding="UTF-8"?>
<!-- Generated by org.testng.reporters.JUnitXMLReporter -->
<testsuite hostname="tc-17-101p62-l" ignored="0" name="Onliner" tests="1" failures="1" timestamp="19 May 2017 10:20:49 GMT" time="3.321" errors="0">
  <testcase name="shouldWork" time="0.002" classname="cars.tests.CarsTest">
    <failure type="java.lang.NullPointerException">
      <![CDATA[java.lang.NullPointerException
	at cars.tests.CarsTest.shouldWork(CarsTest.java:44)
... Removed 28 stack frames]]>
    </failure>
  </testcase> <!-- shouldWork -->
</testsuite> <!-- Onliner -->
